INFO: [VRFC 10-2263] Analyzing Verilog file "C:/Users/sidsu/VHDL/ECE4401/Final_Project/Final_Project.sim/sim_1/impl/timing/xsim/design_1_wrapper_time_impl.v" into library xil_defaultlib
INFO: [VRFC 10-311] analyzing module design_1
INFO: [VRFC 10-311] analyzing module design_1_AXI_VGA_Slave_0_0
INFO: [VRFC 10-311] analyzing module design_1_AXI_VGA_Slave_0_0_AXI_VGA_Slave_v1_0
INFO: [VRFC 10-311] analyzing module design_1_AXI_VGA_Slave_0_0_AXI_VGA_Slave_v1_0_S00_AXI
INFO: [VRFC 10-311] analyzing module design_1_AXI_VGA_Slave_0_0_clock_divider
INFO: [VRFC 10-311] analyzing module design_1_AXI_VGA_Slave_0_0_vga_generator
INFO: [VRFC 10-311] analyzing module design_1_axi_switches_0_0
INFO: [VRFC 10-311] analyzing module design_1_axi_switches_0_0_axi_switches_v1_0
INFO: [VRFC 10-311] analyzing module design_1_axi_switches_0_0_axi_switches_v1_0_S00_AXI
INFO: [VRFC 10-311] analyzing module design_1_blk_mem_gen_0_1
INFO: [VRFC 10-311] analyzing module design_1_clk_wiz_0
INFO: [VRFC 10-311] analyzing module design_1_clk_wiz_0_design_1_clk_wiz_0_clk_wiz
INFO: [VRFC 10-311] analyzing module design_1_ps2_0_0
INFO: [VRFC 10-311] analyzing module design_1_ps2_0_0_fsm_ps2
INFO: [VRFC 10-311] analyzing module design_1_ps2_0_0_ps2_v1_0
INFO: [VRFC 10-311] analyzing module design_1_ps2_0_0_ps2_v1_0_S00_AXI
INFO: [VRFC 10-311] analyzing module design_1_rst_clk_wiz_100M_0
INFO: [VRFC 10-311] analyzing module design_1_rst_clk_wiz_100M_0_cdc_sync
INFO: [VRFC 10-311] analyzing module design_1_rst_clk_wiz_100M_0_cdc_sync_0
INFO: [VRFC 10-311] analyzing module design_1_rst_clk_wiz_100M_0_lpf
INFO: [VRFC 10-311] analyzing module design_1_rst_clk_wiz_100M_0_proc_sys_reset
INFO: [VRFC 10-311] analyzing module design_1_rst_clk_wiz_100M_0_sequence_psr
INFO: [VRFC 10-311] analyzing module design_1_rst_clk_wiz_100M_0_upcnt_n
INFO: [VRFC 10-311] analyzing module design_1_text_display_master_0_0
INFO: [VRFC 10-311] analyzing module design_1_text_display_master_0_0_char8x12_lookup_table
INFO: [VRFC 10-311] analyzing module design_1_text_display_master_0_0_irq_delay
INFO: [VRFC 10-311] analyzing module design_1_text_display_master_0_0_pixelcode_to_pixelword
INFO: [VRFC 10-311] analyzing module design_1_text_display_master_0_0_scancode2ascii
INFO: [VRFC 10-311] analyzing module design_1_text_display_master_0_0_text_display_master_v1_0
INFO: [VRFC 10-311] analyzing module design_1_text_display_master_0_0_text_display_master_v1_0_M00_AXI
INFO: [VRFC 10-311] analyzing module design_1_text_display_master_0_axi_periph_0
INFO: [VRFC 10-311] analyzing module design_1_wrapper
INFO: [VRFC 10-311] analyzing module design_1_xbar_0
INFO: [VRFC 10-311] analyzing module design_1_xbar_0_axi_crossbar_v2_1_19_addr_arbiter_sasd
INFO: [VRFC 10-311] analyzing module design_1_xbar_0_axi_crossbar_v2_1_19_axi_crossbar
INFO: [VRFC 10-311] analyzing module design_1_xbar_0_axi_crossbar_v2_1_19_crossbar_sasd
INFO: [VRFC 10-311] analyzing module design_1_xbar_0_axi_crossbar_v2_1_19_decerr_slave
INFO: [VRFC 10-311] analyzing module design_1_xbar_0_axi_crossbar_v2_1_19_splitter
INFO: [VRFC 10-311] analyzing module design_1_xbar_0_axi_crossbar_v2_1_19_splitter__parameterized0
INFO: [VRFC 10-311] analyzing module design_1_xbar_0_axi_register_slice_v2_1_18_axic_register_slice
INFO: [VRFC 10-311] analyzing module design_1_blk_mem_gen_0_1_bindec
INFO: [VRFC 10-311] analyzing module design_1_blk_mem_gen_0_1_bindec_0
INFO: [VRFC 10-311] analyzing module design_1_blk_mem_gen_0_1_blk_mem_gen_generic_cstr
INFO: [VRFC 10-311] analyzing module design_1_blk_mem_gen_0_1_blk_mem_gen_mux__parameterized0
INFO: [VRFC 10-311] analyzing module design_1_blk_mem_gen_0_1_blk_mem_gen_prim_width
INFO: [VRFC 10-311] analyzing module design_1_blk_mem_gen_0_1_blk_mem_gen_prim_width__parameterized0
INFO: [VRFC 10-311] analyzing module design_1_blk_mem_gen_0_1_blk_mem_gen_prim_width__parameterized1
INFO: [VRFC 10-311] analyzing module design_1_blk_mem_gen_0_1_blk_mem_gen_prim_width__parameterized10
INFO: [VRFC 10-311] analyzing module design_1_blk_mem_gen_0_1_blk_mem_gen_prim_width__parameterized11
INFO: [VRFC 10-311] analyzing module design_1_blk_mem_gen_0_1_blk_mem_gen_prim_width__parameterized12
INFO: [VRFC 10-311] analyzing module design_1_blk_mem_gen_0_1_blk_mem_gen_prim_width__parameterized13
INFO: [VRFC 10-311] analyzing module design_1_blk_mem_gen_0_1_blk_mem_gen_prim_width__parameterized14
INFO: [VRFC 10-311] analyzing module design_1_blk_mem_gen_0_1_blk_mem_gen_prim_width__parameterized15
INFO: [VRFC 10-311] analyzing module design_1_blk_mem_gen_0_1_blk_mem_gen_prim_width__parameterized16
INFO: [VRFC 10-311] analyzing module design_1_blk_mem_gen_0_1_blk_mem_gen_prim_width__parameterized17
INFO: [VRFC 10-311] analyzing module design_1_blk_mem_gen_0_1_blk_mem_gen_prim_width__parameterized18
INFO: [VRFC 10-311] analyzing module design_1_blk_mem_gen_0_1_blk_mem_gen_prim_width__parameterized19
INFO: [VRFC 10-311] analyzing module design_1_blk_mem_gen_0_1_blk_mem_gen_prim_width__parameterized2
INFO: [VRFC 10-311] analyzing module design_1_blk_mem_gen_0_1_blk_mem_gen_prim_width__parameterized20
INFO: [VRFC 10-311] analyzing module design_1_blk_mem_gen_0_1_blk_mem_gen_prim_width__parameterized21
INFO: [VRFC 10-311] analyzing module design_1_blk_mem_gen_0_1_blk_mem_gen_prim_width__parameterized22
INFO: [VRFC 10-311] analyzing module design_1_blk_mem_gen_0_1_blk_mem_gen_prim_width__parameterized23
INFO: [VRFC 10-311] analyzing module design_1_blk_mem_gen_0_1_blk_mem_gen_prim_width__parameterized24
INFO: [VRFC 10-311] analyzing module design_1_blk_mem_gen_0_1_blk_mem_gen_prim_width__parameterized25
INFO: [VRFC 10-311] analyzing module design_1_blk_mem_gen_0_1_blk_mem_gen_prim_width__parameterized26
INFO: [VRFC 10-311] analyzing module design_1_blk_mem_gen_0_1_blk_mem_gen_prim_width__parameterized27
INFO: [VRFC 10-311] analyzing module design_1_blk_mem_gen_0_1_blk_mem_gen_prim_width__parameterized28
INFO: [VRFC 10-311] analyzing module design_1_blk_mem_gen_0_1_blk_mem_gen_prim_width__parameterized29
INFO: [VRFC 10-311] analyzing module design_1_blk_mem_gen_0_1_blk_mem_gen_prim_width__parameterized3
INFO: [VRFC 10-311] analyzing module design_1_blk_mem_gen_0_1_blk_mem_gen_prim_width__parameterized30
INFO: [VRFC 10-311] analyzing module design_1_blk_mem_gen_0_1_blk_mem_gen_prim_width__parameterized31
INFO: [VRFC 10-311] analyzing module design_1_blk_mem_gen_0_1_blk_mem_gen_prim_width__parameterized32
INFO: [VRFC 10-311] analyzing module design_1_blk_mem_gen_0_1_blk_mem_gen_prim_width__parameterized33
INFO: [VRFC 10-311] analyzing module design_1_blk_mem_gen_0_1_blk_mem_gen_prim_width__parameterized34
INFO: [VRFC 10-311] analyzing module design_1_blk_mem_gen_0_1_blk_mem_gen_prim_width__parameterized4
INFO: [VRFC 10-311] analyzing module design_1_blk_mem_gen_0_1_blk_mem_gen_prim_width__parameterized5
INFO: [VRFC 10-311] analyzing module design_1_blk_mem_gen_0_1_blk_mem_gen_prim_width__parameterized6
INFO: [VRFC 10-311] analyzing module design_1_blk_mem_gen_0_1_blk_mem_gen_prim_width__parameterized7
INFO: [VRFC 10-311] analyzing module design_1_blk_mem_gen_0_1_blk_mem_gen_prim_width__parameterized8
INFO: [VRFC 10-311] analyzing module design_1_blk_mem_gen_0_1_blk_mem_gen_prim_width__parameterized9
INFO: [VRFC 10-311] analyzing module design_1_blk_mem_gen_0_1_blk_mem_gen_prim_wrapper
INFO: [VRFC 10-311] analyzing module design_1_blk_mem_gen_0_1_blk_mem_gen_prim_wrapper__parameterized0
INFO: [VRFC 10-311] analyzing module design_1_blk_mem_gen_0_1_blk_mem_gen_prim_wrapper__parameterized1
INFO: [VRFC 10-311] analyzing module design_1_blk_mem_gen_0_1_blk_mem_gen_prim_wrapper__parameterized10
INFO: [VRFC 10-311] analyzing module design_1_blk_mem_gen_0_1_blk_mem_gen_prim_wrapper__parameterized11
INFO: [VRFC 10-311] analyzing module design_1_blk_mem_gen_0_1_blk_mem_gen_prim_wrapper__parameterized12
INFO: [VRFC 10-311] analyzing module design_1_blk_mem_gen_0_1_blk_mem_gen_prim_wrapper__parameterized13
INFO: [VRFC 10-311] analyzing module design_1_blk_mem_gen_0_1_blk_mem_gen_prim_wrapper__parameterized14
INFO: [VRFC 10-311] analyzing module design_1_blk_mem_gen_0_1_blk_mem_gen_prim_wrapper__parameterized15
INFO: [VRFC 10-311] analyzing module design_1_blk_mem_gen_0_1_blk_mem_gen_prim_wrapper__parameterized16
INFO: [VRFC 10-311] analyzing module design_1_blk_mem_gen_0_1_blk_mem_gen_prim_wrapper__parameterized17
INFO: [VRFC 10-311] analyzing module design_1_blk_mem_gen_0_1_blk_mem_gen_prim_wrapper__parameterized18
INFO: [VRFC 10-311] analyzing module design_1_blk_mem_gen_0_1_blk_mem_gen_prim_wrapper__parameterized19
INFO: [VRFC 10-311] analyzing module design_1_blk_mem_gen_0_1_blk_mem_gen_prim_wrapper__parameterized2
INFO: [VRFC 10-311] analyzing module design_1_blk_mem_gen_0_1_blk_mem_gen_prim_wrapper__parameterized20
INFO: [VRFC 10-311] analyzing module design_1_blk_mem_gen_0_1_blk_mem_gen_prim_wrapper__parameterized21
INFO: [VRFC 10-311] analyzing module design_1_blk_mem_gen_0_1_blk_mem_gen_prim_wrapper__parameterized22
INFO: [VRFC 10-311] analyzing module design_1_blk_mem_gen_0_1_blk_mem_gen_prim_wrapper__parameterized23
INFO: [VRFC 10-311] analyzing module design_1_blk_mem_gen_0_1_blk_mem_gen_prim_wrapper__parameterized24
INFO: [VRFC 10-311] analyzing module design_1_blk_mem_gen_0_1_blk_mem_gen_prim_wrapper__parameterized25
INFO: [VRFC 10-311] analyzing module design_1_blk_mem_gen_0_1_blk_mem_gen_prim_wrapper__parameterized26
INFO: [VRFC 10-311] analyzing module design_1_blk_mem_gen_0_1_blk_mem_gen_prim_wrapper__parameterized27
INFO: [VRFC 10-311] analyzing module design_1_blk_mem_gen_0_1_blk_mem_gen_prim_wrapper__parameterized28
INFO: [VRFC 10-311] analyzing module design_1_blk_mem_gen_0_1_blk_mem_gen_prim_wrapper__parameterized29
INFO: [VRFC 10-311] analyzing module design_1_blk_mem_gen_0_1_blk_mem_gen_prim_wrapper__parameterized3
INFO: [VRFC 10-311] analyzing module design_1_blk_mem_gen_0_1_blk_mem_gen_prim_wrapper__parameterized30
INFO: [VRFC 10-311] analyzing module design_1_blk_mem_gen_0_1_blk_mem_gen_prim_wrapper__parameterized31
INFO: [VRFC 10-311] analyzing module design_1_blk_mem_gen_0_1_blk_mem_gen_prim_wrapper__parameterized32
INFO: [VRFC 10-311] analyzing module design_1_blk_mem_gen_0_1_blk_mem_gen_prim_wrapper__parameterized33
INFO: [VRFC 10-311] analyzing module design_1_blk_mem_gen_0_1_blk_mem_gen_prim_wrapper__parameterized34
INFO: [VRFC 10-311] analyzing module design_1_blk_mem_gen_0_1_blk_mem_gen_prim_wrapper__parameterized4
INFO: [VRFC 10-311] analyzing module design_1_blk_mem_gen_0_1_blk_mem_gen_prim_wrapper__parameterized5
INFO: [VRFC 10-311] analyzing module design_1_blk_mem_gen_0_1_blk_mem_gen_prim_wrapper__parameterized6
INFO: [VRFC 10-311] analyzing module design_1_blk_mem_gen_0_1_blk_mem_gen_prim_wrapper__parameterized7
INFO: [VRFC 10-311] analyzing module design_1_blk_mem_gen_0_1_blk_mem_gen_prim_wrapper__parameterized8
INFO: [VRFC 10-311] analyzing module design_1_blk_mem_gen_0_1_blk_mem_gen_prim_wrapper__parameterized9
INFO: [VRFC 10-311] analyzing module design_1_blk_mem_gen_0_1_blk_mem_gen_top
INFO: [VRFC 10-311] analyzing module design_1_blk_mem_gen_0_1_blk_mem_gen_v8_4_2
INFO: [VRFC 10-311] analyzing module design_1_blk_mem_gen_0_1_blk_mem_gen_v8_4_2_synth
INFO: [VRFC 10-311] analyzing module glbl
